<?xml version="1.0" encoding="UTF-8"?>
<testsuite name="CollatzCalculatorTest" tests="6" skipped="0" failures="0" errors="0" timestamp="2018-10-11T04:22:59" hostname="lap10843" time="0.011">
  <properties/>
  <testcase name="testCorrectNumberOfStepsWhenBothStepTypesAreNeeded" classname="CollatzCalculatorTest" time="0.001"/>
  <testcase name="testAVeryLargeInput" classname="CollatzCalculatorTest" time="0.0"/>
  <testcase name="testZeroIsConsideredInvalidInput" classname="CollatzCalculatorTest" time="0.008"/>
  <testcase name="testCorrectNumberOfStepsWhenAllStepsAreDivisions" classname="CollatzCalculatorTest" time="0.0"/>
  <testcase name="testZeroStepsRequiredWhenStartingFrom1" classname="CollatzCalculatorTest" time="0.001"/>
  <testcase name="testNegativeIntegerIsConsideredInvalidInput" classname="CollatzCalculatorTest" time="0.0"/>
  <system-out><![CDATA[]]></system-out>
  <system-err><![CDATA[]]></system-err>
</testsuite>
