<?xml version="1.0" encoding="UTF-8"?>
<testsuite name="PrimeFactorsCalculatorTest" tests="7" skipped="0" failures="0" errors="0" timestamp="2018-10-14T10:10:56" hostname="lap10843" time="0.026">
  <properties/>
  <testcase name="testProductOfPrimes" classname="PrimeFactorsCalculatorTest" time="0.001"/>
  <testcase name="testCubeOfAPrime" classname="PrimeFactorsCalculatorTest" time="0.0"/>
  <testcase name="testNoFactors" classname="PrimeFactorsCalculatorTest" time="0.0"/>
  <testcase name="testProductOfPrimesAndNonPrimes" classname="PrimeFactorsCalculatorTest" time="0.0"/>
  <testcase name="testPrimeNumber" classname="PrimeFactorsCalculatorTest" time="0.0"/>
  <testcase name="testSquareOfAPrime" classname="PrimeFactorsCalculatorTest" time="0.0"/>
  <testcase name="testFactorsIncludingALargePrime" classname="PrimeFactorsCalculatorTest" time="0.023"/>
  <system-out><![CDATA[]]></system-out>
  <system-err><![CDATA[]]></system-err>
</testsuite>
